mode: set
github.com/budi/training-go/stringsplosion/stringsplosion.go:8.38,10.30 2 1
github.com/budi/training-go/stringsplosion/stringsplosion.go:13.2,13.21 1 1
github.com/budi/training-go/stringsplosion/stringsplosion.go:10.30,12.3 1 1
github.com/budi/training-go/longestsubsequence/longest_subsequence.go:10.29,12.2 1 1
github.com/budi/training-go/longestsubsequence/longest_subsequence.go:14.34,16.2 1 1
github.com/budi/training-go/longestsubsequence/longest_subsequence.go:18.39,21.2 1 1
github.com/budi/training-go/longestsubsequence/longest_subsequence.go:24.50,26.33 2 1
github.com/budi/training-go/longestsubsequence/longest_subsequence.go:34.2,34.13 1 1
github.com/budi/training-go/longestsubsequence/longest_subsequence.go:26.33,28.14 2 1
github.com/budi/training-go/longestsubsequence/longest_subsequence.go:28.14,30.4 1 1
github.com/budi/training-go/longestsubsequence/longest_subsequence.go:30.9,32.4 1 1
github.com/budi/training-go/longestsubsequence/longest_subsequence.go:38.64,41.29 3 1
github.com/budi/training-go/longestsubsequence/longest_subsequence.go:47.2,47.16 1 1
github.com/budi/training-go/longestsubsequence/longest_subsequence.go:41.29,43.68 2 1
github.com/budi/training-go/longestsubsequence/longest_subsequence.go:43.68,45.4 1 1
